user
webgoat
ssh
admin
root
username
owaspbwa
guest
basic
test
guest
user
basic
password
abc123
letmein
charley
webgoat
bob@ateliergraphique.com
admin@metacorp.com
jack@metacorp.com
test
anonymous
admin
bee
anonymous
cheddar
administrator
scanner1
scanner2
bryce
adamd
test@thebodgeitstore.com
cycloneuser-3@cyclonetransfers.com
user1
user2
demo
mod
assistant
author
editor
publisher
registered
tomcat
admin
user
webgoat
ssh
admin
root
username
guest
basic
test
guest
user
basic
webgoat
123456
admin1234
yankeessuck
test
anonymous
bug
orange
secret
