user
root
webgoat
ssh
admin
username
tomcat
guest
basic
test
guest
user
gordonb 
pablo
1337
basic
webgoat
bob@ateliergraphique.com
admin@metacorp.com
jack@metacorp.com
test
anonymous
admin
bee
anonymous
cheddar
administrator
scanner1
scanner2
bryce
adamd
test@thebodgeitstore.com
cycloneuser-3@cyclonetransfers.com
user1
user2
demo
mod
assistant
author
editor
publisher
registered
admin
user
webgoat
ssh
admin
root
username
guest
basic
test
guest
user
basic
webgoat
owaspbwa
123456
admin1234
yankeessuck
test
anonymous
bug
orange
secret
